Testing directory created
Microsoft (R) Build Engine версии 16.8.0+126527ff1 для .NET
(C) Корпорация Майкрософт (Microsoft Corporation). Все права защищены.

  Определение проектов для восстановления...
  Восстановлен C:\Users\79175\Desktop\sprint_server\data\solutions\2592\Solution\SampleProject\SampleProject.csproj (за 139 ms).
  SampleProject -> C:\Users\79175\Desktop\sprint_server\data\solutions\2592\Solution\SampleProject\bin\Debug\SampleProject.dll

Сборка успешно завершена.
    Предупреждений: 0
    Ошибок: 0

Прошло времени 00:00:01.68
Компилятор Microsoft (R) Visual C# версии 3.8.0-5.20567.16 (53c5d7d3)
c Корпорация Майкрософт (Microsoft Corporation). Все права защищены.

Building image
Image built successfully
Running container
Running finished
solution_container_2592
Untagged: solution_2592:latest
Deleted: sha256:17b7ce19aad3daee42ecde4811181ada5f42eca3ebc0b0c59bd3344406678f46
Result file found in container
