Testing directory created
Microsoft (R) Build Engine версии 16.8.0+126527ff1 для .NET
(C) Корпорация Майкрософт (Microsoft Corporation). Все права защищены.

  Определение проектов для восстановления...
  Восстановлен C:\Users\79175\Desktop\sprint_server\data\solutions\2594\Solution\SampleProject\SampleProject.csproj (за 66 ms).
  SampleProject -> C:\Users\79175\Desktop\sprint_server\data\solutions\2594\Solution\SampleProject\bin\Debug\SampleProject.dll

Сборка успешно завершена.
    Предупреждений: 0
    Ошибок: 0

Прошло времени 00:00:01.21
Building tests file started
Компилятор Microsoft (R) Visual C# версии 3.8.0-5.20567.16 (53c5d7d3)
c Корпорация Майкрософт (Microsoft Corporation). Все права защищены.

Building tests file finished
Got .dll tests file
Building image
Image built successfully
Running container
Running finished
solution_container_2594
Untagged: solution_2594:latest
Deleted: sha256:3217ff5fd178aebbf535cb69e50fcd1db177d260fe7fc01177ed0ecd61246bbe
Result file found in container
