Testing directory created
Microsoft (R) Build Engine версии 16.8.0+126527ff1 для .NET
(C) Корпорация Майкрософт (Microsoft Corporation). Все права защищены.

  Определение проектов для восстановления...
  Восстановлен C:\Users\79175\Desktop\sprint_server\data\solutions\2604\Solution\SampleProject\SampleProject.csproj (за 66 ms).
  SampleProject -> C:\Users\79175\Desktop\sprint_server\data\solutions\2604\Solution\SampleProject\bin\Debug\SampleProject.dll

Сборка успешно завершена.
    Предупреждений: 0
    Ошибок: 0

Прошло времени 00:00:01.10
Building tests file started
Компилятор Microsoft (R) Visual C# версии 3.8.0-5.20567.16 (53c5d7d3)
c Корпорация Майкрософт (Microsoft Corporation). Все права защищены.

data\tests\7.cs(1,7): error CS0246: Не удалось найти тип или имя пространства имен "NUnit" (возможно, отсутствует директива using или ссылка на сборку).
data\tests\7.cs(2,7): error CS0246: Не удалось найти тип или имя пространства имен "Darwin" (возможно, отсутствует директива using или ссылка на сборку).
data\tests\7.cs(5,7): error CS0246: Не удалось найти тип или имя пространства имен "Numbers" (возможно, отсутствует директива using или ссылка на сборку).
data\tests\7.cs(14,9): error CS0246: Не удалось найти тип или имя пространства имен "DObject" (возможно, отсутствует директива using или ссылка на сборку).
data\tests\7.cs(17,10): error CS0246: Не удалось найти тип или имя пространства имен "SetUpAttribute" (возможно, отсутствует директива using или ссылка на сборку).
data\tests\7.cs(17,10): error CS0246: Не удалось найти тип или имя пространства имен "SetUp" (возможно, отсутствует директива using или ссылка на сборку).
data\tests\7.cs(27,10): error CS0246: Не удалось найти тип или имя пространства имен "TestAttribute" (возможно, отсутствует директива using или ссылка на сборку).
data\tests\7.cs(27,10): error CS0246: Не удалось найти тип или имя пространства имен "Test" (возможно, отсутствует директива using или ссылка на сборку).
data\tests\7.cs(40,10): error CS0246: Не удалось найти тип или имя пространства имен "TestAttribute" (возможно, отсутствует директива using или ссылка на сборку).
data\tests\7.cs(40,10): error CS0246: Не удалось найти тип или имя пространства имен "Test" (возможно, отсутствует директива using или ссылка на сборку).
data\tests\7.cs(53,10): error CS0246: Не удалось найти тип или имя пространства имен "TestAttribute" (возможно, отсутствует директива using или ссылка на сборку).
data\tests\7.cs(53,10): error CS0246: Не удалось найти тип или имя пространства имен "Test" (возможно, отсутствует директива using или ссылка на сборку).
data\tests\7.cs(66,10): error CS0246: Не удалось найти тип или имя пространства имен "TestAttribute" (возможно, отсутствует директива using или ссылка на сборку).
data\tests\7.cs(66,10): error CS0246: Не удалось найти тип или имя пространства имен "Test" (возможно, отсутствует директива using или ссылка на сборку).
data\tests\7.cs(79,10): error CS0246: Не удалось найти тип или имя пространства имен "TestAttribute" (возможно, отсутствует директива using или ссылка на сборку).
data\tests\7.cs(79,10): error CS0246: Не удалось найти тип или имя пространства имен "Test" (возможно, отсутствует директива using или ссылка на сборку).
data\tests\7.cs(92,10): error CS0246: Не удалось найти тип или имя пространства имен "TestAttribute" (возможно, отсутствует директива using или ссылка на сборку).
data\tests\7.cs(92,10): error CS0246: Не удалось найти тип или имя пространства имен "Test" (возможно, отсутствует директива using или ссылка на сборку).
data\tests\7.cs(105,10): error CS0246: Не удалось найти тип или имя пространства имен "TestAttribute" (возможно, отсутствует директива using или ссылка на сборку).
data\tests\7.cs(105,10): error CS0246: Не удалось найти тип или имя пространства имен "Test" (возможно, отсутствует директива using или ссылка на сборку).
data\tests\7.cs(118,10): error CS0246: Не удалось найти тип или имя пространства имен "TestAttribute" (возможно, отсутствует директива using или ссылка на сборку).
data\tests\7.cs(118,10): error CS0246: Не удалось найти тип или имя пространства имен "Test" (возможно, отсутствует директива using или ссылка на сборку).
data\tests\7.cs(131,10): error CS0246: Не удалось найти тип или имя пространства имен "TestAttribute" (возможно, отсутствует директива using или ссылка на сборку).
data\tests\7.cs(131,10): error CS0246: Не удалось найти тип или имя пространства имен "Test" (возможно, отсутствует директива using или ссылка на сборку).
data\tests\7.cs(144,10): error CS0246: Не удалось найти тип или имя пространства имен "TestAttribute" (возможно, отсутствует директива using или ссылка на сборку).
data\tests\7.cs(144,10): error CS0246: Не удалось найти тип или имя пространства имен "Test" (возможно, отсутствует директива using или ссылка на сборку).
Building tests file finished
Failed to compile tests
Testing directory created
Microsoft (R) Build Engine версии 16.8.0+126527ff1 для .NET
(C) Корпорация Майкрософт (Microsoft Corporation). Все права защищены.

  Определение проектов для восстановления...
  Восстановлен C:\Users\79175\Desktop\sprint_server\data\solutions\2604\Solution\SampleProject\SampleProject.csproj (за 102 ms).
  SampleProject -> C:\Users\79175\Desktop\sprint_server\data\solutions\2604\Solution\SampleProject\bin\Debug\SampleProject.dll

Сборка успешно завершена.
    Предупреждений: 0
    Ошибок: 0

Прошло времени 00:00:01.64
Building tests file started
Компилятор Microsoft (R) Visual C# версии 3.8.0-5.20567.16 (53c5d7d3)
c Корпорация Майкрософт (Microsoft Corporation). Все права защищены.

data\tests\7.cs(1,7): error CS0246: Не удалось найти тип или имя пространства имен "NUnit" (возможно, отсутствует директива using или ссылка на сборку).
data\tests\7.cs(2,7): error CS0246: Не удалось найти тип или имя пространства имен "Darwin" (возможно, отсутствует директива using или ссылка на сборку).
data\tests\7.cs(5,7): error CS0246: Не удалось найти тип или имя пространства имен "Numbers" (возможно, отсутствует директива using или ссылка на сборку).
data\tests\7.cs(14,9): error CS0246: Не удалось найти тип или имя пространства имен "DObject" (возможно, отсутствует директива using или ссылка на сборку).
data\tests\7.cs(17,10): error CS0246: Не удалось найти тип или имя пространства имен "SetUpAttribute" (возможно, отсутствует директива using или ссылка на сборку).
data\tests\7.cs(17,10): error CS0246: Не удалось найти тип или имя пространства имен "SetUp" (возможно, отсутствует директива using или ссылка на сборку).
data\tests\7.cs(27,10): error CS0246: Не удалось найти тип или имя пространства имен "TestAttribute" (возможно, отсутствует директива using или ссылка на сборку).
data\tests\7.cs(27,10): error CS0246: Не удалось найти тип или имя пространства имен "Test" (возможно, отсутствует директива using или ссылка на сборку).
data\tests\7.cs(40,10): error CS0246: Не удалось найти тип или имя пространства имен "TestAttribute" (возможно, отсутствует директива using или ссылка на сборку).
data\tests\7.cs(40,10): error CS0246: Не удалось найти тип или имя пространства имен "Test" (возможно, отсутствует директива using или ссылка на сборку).
data\tests\7.cs(53,10): error CS0246: Не удалось найти тип или имя пространства имен "TestAttribute" (возможно, отсутствует директива using или ссылка на сборку).
data\tests\7.cs(53,10): error CS0246: Не удалось найти тип или имя пространства имен "Test" (возможно, отсутствует директива using или ссылка на сборку).
data\tests\7.cs(66,10): error CS0246: Не удалось найти тип или имя пространства имен "TestAttribute" (возможно, отсутствует директива using или ссылка на сборку).
data\tests\7.cs(66,10): error CS0246: Не удалось найти тип или имя пространства имен "Test" (возможно, отсутствует директива using или ссылка на сборку).
data\tests\7.cs(79,10): error CS0246: Не удалось найти тип или имя пространства имен "TestAttribute" (возможно, отсутствует директива using или ссылка на сборку).
data\tests\7.cs(79,10): error CS0246: Не удалось найти тип или имя пространства имен "Test" (возможно, отсутствует директива using или ссылка на сборку).
data\tests\7.cs(92,10): error CS0246: Не удалось найти тип или имя пространства имен "TestAttribute" (возможно, отсутствует директива using или ссылка на сборку).
data\tests\7.cs(92,10): error CS0246: Не удалось найти тип или имя пространства имен "Test" (возможно, отсутствует директива using или ссылка на сборку).
data\tests\7.cs(105,10): error CS0246: Не удалось найти тип или имя пространства имен "TestAttribute" (возможно, отсутствует директива using или ссылка на сборку).
data\tests\7.cs(105,10): error CS0246: Не удалось найти тип или имя пространства имен "Test" (возможно, отсутствует директива using или ссылка на сборку).
data\tests\7.cs(118,10): error CS0246: Не удалось найти тип или имя пространства имен "TestAttribute" (возможно, отсутствует директива using или ссылка на сборку).
data\tests\7.cs(118,10): error CS0246: Не удалось найти тип или имя пространства имен "Test" (возможно, отсутствует директива using или ссылка на сборку).
data\tests\7.cs(131,10): error CS0246: Не удалось найти тип или имя пространства имен "TestAttribute" (возможно, отсутствует директива using или ссылка на сборку).
data\tests\7.cs(131,10): error CS0246: Не удалось найти тип или имя пространства имен "Test" (возможно, отсутствует директива using или ссылка на сборку).
data\tests\7.cs(144,10): error CS0246: Не удалось найти тип или имя пространства имен "TestAttribute" (возможно, отсутствует директива using или ссылка на сборку).
data\tests\7.cs(144,10): error CS0246: Не удалось найти тип или имя пространства имен "Test" (возможно, отсутствует директива using или ссылка на сборку).
Building tests file finished
Failed to compile tests
