Testing directory created
Microsoft (R) Build Engine версии 16.8.0+126527ff1 для .NET
(C) Корпорация Майкрософт (Microsoft Corporation). Все права защищены.

  Определение проектов для восстановления...
  Восстановлен C:\Users\79175\Desktop\sprint_server\data\solutions\2614\Solution\SampleProject\SampleProject.csproj (за 70 ms).
  SampleProject -> C:\Users\79175\Desktop\sprint_server\data\solutions\2614\Solution\SampleProject\bin\Debug\SampleProject.dll

Сборка успешно завершена.
    Предупреждений: 0
    Ошибок: 0

Прошло времени 00:00:01.24
Building tests file started
Компилятор Microsoft (R) Visual C# версии 3.8.0-5.20567.16 (53c5d7d3)
c Корпорация Майкрософт (Microsoft Corporation). Все права защищены.

Building tests file finished
Got .dll tests file
Building image
Image built successfully
Running container
Running finished
solution_container_2614
Untagged: solution_2614:latest
Deleted: sha256:c5c33ca1f343948afb8139c94f73de02e8d1f385d01ead2961c60a2b83fab44b
Result file found in container
