Testing directory created
Microsoft (R) Build Engine версии 16.8.0+126527ff1 для .NET
(C) Корпорация Майкрософт (Microsoft Corporation). Все права защищены.

  Определение проектов для восстановления...
  Восстановлен C:\Users\79175\Desktop\sprint_server\data\solutions\2627\Solution\SampleProject\SampleProject.csproj (за 70 ms).
  SampleProject -> C:\Users\79175\Desktop\sprint_server\data\solutions\2627\Solution\SampleProject\bin\Debug\SampleProject.dll

Сборка успешно завершена.
    Предупреждений: 0
    Ошибок: 0

Прошло времени 00:00:01.26
Building tests file started
Компилятор Microsoft (R) Visual C# версии 3.8.0-5.20567.16 (53c5d7d3)
c Корпорация Майкрософт (Microsoft Corporation). Все права защищены.

Building tests file finished
Got .dll tests file
Building image
Image built successfully
Running container
Running finished
solution_container_2627
Untagged: solution_2627:latest
Deleted: sha256:dab5cc23eeff19f98c210064e01bdef4aa5774820008ce55ba198d5c86faee99
Result file found in container
Testing directory created
Microsoft (R) Build Engine версии 16.8.0+126527ff1 для .NET
(C) Корпорация Майкрософт (Microsoft Corporation). Все права защищены.

  Определение проектов для восстановления...
  Восстановлен C:\Users\79175\Desktop\sprint_server\data\solutions\2627\Solution\SampleProject\SampleProject.csproj (за 123 ms).
  SampleProject -> C:\Users\79175\Desktop\sprint_server\data\solutions\2627\Solution\SampleProject\bin\Debug\SampleProject.dll

Сборка успешно завершена.
    Предупреждений: 0
    Ошибок: 0

Прошло времени 00:00:02.15
Building tests file started
Компилятор Microsoft (R) Visual C# версии 3.8.0-5.20567.16 (53c5d7d3)
c Корпорация Майкрософт (Microsoft Corporation). Все права защищены.

Building tests file finished
Got .dll tests file
Building image
Image built successfully
Running container
Running finished
solution_container_2627
Untagged: solution_2627:latest
Deleted: sha256:efc41de9b0b321f34c5f763c5d08977684c7b9f8ea672ab22724f017ab96296e
Result file found in container
