Testing directory created
Microsoft (R) Build Engine версии 16.8.0+126527ff1 для .NET
(C) Корпорация Майкрософт (Microsoft Corporation). Все права защищены.

  Определение проектов для восстановления...
  Восстановлен C:\Users\79175\Desktop\sprint_server\data\solutions\2630\Solution\SampleProject\SampleProject.csproj (за 67 ms).
  SampleProject -> C:\Users\79175\Desktop\sprint_server\data\solutions\2630\Solution\SampleProject\bin\Debug\SampleProject.dll

Сборка успешно завершена.
    Предупреждений: 0
    Ошибок: 0

Прошло времени 00:00:01.32
Building tests file started
Компилятор Microsoft (R) Visual C# версии 3.8.0-5.20567.16 (53c5d7d3)
c Корпорация Майкрософт (Microsoft Corporation). Все права защищены.

Building tests file finished
Got .dll tests file
Building image
Image built successfully
Running container
Running finished
solution_container_2630
Untagged: solution_2630:latest
Deleted: sha256:72fdd67506f8e9591d34bcb8b6e2b52ec99ae2914cd639035442cc7def26c2d5
Result file found in container
Testing directory created
Microsoft (R) Build Engine версии 16.8.0+126527ff1 для .NET
(C) Корпорация Майкрософт (Microsoft Corporation). Все права защищены.

  Определение проектов для восстановления...
  Восстановлен C:\Users\79175\Desktop\sprint_server\data\solutions\2630\Solution\SampleProject\SampleProject.csproj (за 209 ms).
  SampleProject -> C:\Users\79175\Desktop\sprint_server\data\solutions\2630\Solution\SampleProject\bin\Debug\SampleProject.dll

Сборка успешно завершена.
    Предупреждений: 0
    Ошибок: 0

Прошло времени 00:00:02.76
Building tests file started
Компилятор Microsoft (R) Visual C# версии 3.8.0-5.20567.16 (53c5d7d3)
c Корпорация Майкрософт (Microsoft Corporation). Все права защищены.

Building tests file finished
Got .dll tests file
Building image
Image built successfully
Running container
Running finished
solution_container_2630
Untagged: solution_2630:latest
Deleted: sha256:bd4b24756ed6addc18f4c5e513141b6c3a6e9bdb8707f20dbfbc183b9cd4a98f
Result file found in container
