Testing directory created
Microsoft (R) Build Engine версии 16.8.0+126527ff1 для .NET
(C) Корпорация Майкрософт (Microsoft Corporation). Все права защищены.

  Определение проектов для восстановления...
  Восстановлен C:\Users\79175\Desktop\sprint_server\data\solutions\2642\Solution\SampleProject\SampleProject.csproj (за 77 ms).
  SampleProject -> C:\Users\79175\Desktop\sprint_server\data\solutions\2642\Solution\SampleProject\bin\Debug\SampleProject.dll

Сборка успешно завершена.
    Предупреждений: 0
    Ошибок: 0

Прошло времени 00:00:01.38
Building tests file started
Компилятор Microsoft (R) Visual C# версии 3.8.0-5.20567.16 (53c5d7d3)
c Корпорация Майкрософт (Microsoft Corporation). Все права защищены.

Building tests file finished
Got .dll tests file
Building image
Image built successfully
Running container
Running finished
solution_container_2642
Untagged: solution_2642:latest
Deleted: sha256:4365d966874574de565cc9115beec5ae8570826a95c645781e5b37f5dd79ace4
Result file found in container
Testing directory created
Microsoft (R) Build Engine версии 16.8.0+126527ff1 для .NET
(C) Корпорация Майкрософт (Microsoft Corporation). Все права защищены.

  Определение проектов для восстановления...
  Восстановлен C:\Users\79175\Desktop\sprint_server\data\solutions\2642\Solution\SampleProject\SampleProject.csproj (за 90 ms).
  SampleProject -> C:\Users\79175\Desktop\sprint_server\data\solutions\2642\Solution\SampleProject\bin\Debug\SampleProject.dll

Сборка успешно завершена.
    Предупреждений: 0
    Ошибок: 0

Прошло времени 00:00:01.51
Building tests file started
Компилятор Microsoft (R) Visual C# версии 3.8.0-5.20567.16 (53c5d7d3)
c Корпорация Майкрософт (Microsoft Corporation). Все права защищены.

Building tests file finished
Got .dll tests file
Building image
Image built successfully
Running container
Running finished
solution_container_2642
Untagged: solution_2642:latest
Deleted: sha256:5725aca935474898a8dee8ce810b1b59d8a9b305019b4067d8442492016581de
Result file found in container
