Testing directory created
Microsoft (R) Build Engine версии 16.8.0+126527ff1 для .NET
(C) Корпорация Майкрософт (Microsoft Corporation). Все права защищены.

  Определение проектов для восстановления...
  Восстановлен C:\Users\79175\Desktop\sprint_server\data\solutions\2643\Solution\SampleProject\SampleProject.csproj (за 103 ms).
  SampleProject -> C:\Users\79175\Desktop\sprint_server\data\solutions\2643\Solution\SampleProject\bin\Debug\SampleProject.dll

Сборка успешно завершена.
    Предупреждений: 0
    Ошибок: 0

Прошло времени 00:00:01.91
Building tests file started
Компилятор Microsoft (R) Visual C# версии 3.8.0-5.20567.16 (53c5d7d3)
c Корпорация Майкрософт (Microsoft Corporation). Все права защищены.

Building tests file finished
Got .dll tests file
Building image
Image built successfully
Running container
Running finished
solution_container_2643
Untagged: solution_2643:latest
Deleted: sha256:accda9a684a5a258dade7ef32528b0b05155cc011c1cdcdcd5fd7671cccd15f9
Result file found in container
Testing directory created
Microsoft (R) Build Engine версии 16.8.0+126527ff1 для .NET
(C) Корпорация Майкрософт (Microsoft Corporation). Все права защищены.

  Определение проектов для восстановления...
  Восстановлен C:\Users\79175\Desktop\sprint_server\data\solutions\2643\Solution\SampleProject\SampleProject.csproj (за 72 ms).
  SampleProject -> C:\Users\79175\Desktop\sprint_server\data\solutions\2643\Solution\SampleProject\bin\Debug\SampleProject.dll

Сборка успешно завершена.
    Предупреждений: 0
    Ошибок: 0

Прошло времени 00:00:01.36
Building tests file started
Компилятор Microsoft (R) Visual C# версии 3.8.0-5.20567.16 (53c5d7d3)
c Корпорация Майкрософт (Microsoft Corporation). Все права защищены.

Building tests file finished
Got .dll tests file
Building image
Image built successfully
Running container
Running finished
solution_container_2643
Untagged: solution_2643:latest
Deleted: sha256:9aeb1e52e978a4a6232161204a5dc33269c71c4b5191903c60b74fcfbdd5d222
Result file found in container
