Testing directory created
Microsoft (R) Build Engine версии 16.8.0+126527ff1 для .NET
(C) Корпорация Майкрософт (Microsoft Corporation). Все права защищены.

  Определение проектов для восстановления...
  Восстановлен C:\Users\79175\Desktop\sprint_server\data\solutions\2645\Solution\SampleProject\SampleProject.csproj (за 102 ms).
  SampleProject -> C:\Users\79175\Desktop\sprint_server\data\solutions\2645\Solution\SampleProject\bin\Debug\SampleProject.dll

Сборка успешно завершена.
    Предупреждений: 0
    Ошибок: 0

Прошло времени 00:00:02.18
Building tests file started
Компилятор Microsoft (R) Visual C# версии 3.8.0-5.20567.16 (53c5d7d3)
c Корпорация Майкрософт (Microsoft Corporation). Все права защищены.

Building tests file finished
Got .dll tests file
Building image
Image built successfully
Running container
Running finished
solution_container_2645
Untagged: solution_2645:latest
Deleted: sha256:1ea3897bb6d3c9a50455c21424ebb0b5865b1c677512533e60d9a3e95bf20a86
Result file found in container
