Testing directory created
Microsoft (R) Build Engine версии 16.8.0+126527ff1 для .NET
(C) Корпорация Майкрософт (Microsoft Corporation). Все права защищены.

  Определение проектов для восстановления...
  Восстановлен C:\Users\79175\Desktop\sprint_server\data\solutions\2646\Solution\SampleProject\SampleProject.csproj (за 97 ms).
  SampleProject -> C:\Users\79175\Desktop\sprint_server\data\solutions\2646\Solution\SampleProject\bin\Debug\SampleProject.dll

Сборка успешно завершена.
    Предупреждений: 0
    Ошибок: 0

Прошло времени 00:00:01.43
Building tests file started
Компилятор Microsoft (R) Visual C# версии 3.8.0-5.20567.16 (53c5d7d3)
c Корпорация Майкрософт (Microsoft Corporation). Все права защищены.

Building tests file finished
Got .dll tests file
Building image
Image built successfully
Running container
Running finished
solution_container_2646
Untagged: solution_2646:latest
Deleted: sha256:e253002b5c26b5533b4ed5046d5c8917a804948c83d7bb97d9daabcfa3945834
Result file found in container
