Testing directory created
Checking if SampleProject is project
Microsoft (R) Build Engine версии 16.8.0+126527ff1 для .NET
(C) Корпорация Майкрософт (Microsoft Corporation). Все права защищены.

  Определение проектов для восстановления...
  Восстановлен C:\Users\79175\Desktop\sprint_server\data\solutions\2648\Solution\SampleProject\SampleProject.csproj (за 156 ms).
  SampleProject -> C:\Users\79175\Desktop\sprint_server\data\solutions\2648\Solution\SampleProject\bin\Debug\SampleProject.dll

Сборка успешно завершена.
    Предупреждений: 0
    Ошибок: 0

Прошло времени 00:00:02.97
Checking if SampleSolution.sln is project
Checking if test_folder is project
Copying test file to working directory
Test file copied
Building tests file started
Компилятор Microsoft (R) Visual C# версии 3.8.0-5.20567.16 (53c5d7d3)
c Корпорация Майкрософт (Microsoft Corporation). Все права защищены.

Building tests file finished
Got .dll tests file
Building image
Image built successfully
Running container
Running finished
solution_container_2648
Untagged: solution_2648:latest
Deleted: sha256:bcba4845925529b50c1f0ceab5da6abc0a523754cb6c835ceaa7bf48c96df8ba
Result file found in container
