Testing directory created
Microsoft (R) Build Engine версии 16.8.0+126527ff1 для .NET
(C) Корпорация Майкрософт (Microsoft Corporation). Все права защищены.

  Определение проектов для восстановления...
  Восстановлен C:\Users\79175\Desktop\sprint_server\data\solutions\2654\Solution\SampleProject\SampleProject.csproj (за 432 ms).
  SampleProject -> C:\Users\79175\Desktop\sprint_server\data\solutions\2654\Solution\SampleProject\bin\Debug\SampleProject.dll

Сборка успешно завершена.
    Предупреждений: 0
    Ошибок: 0

Прошло времени 00:00:12.90
Building tests file started
Компилятор Microsoft (R) Visual C# версии 3.8.0-5.20567.16 (53c5d7d3)
c Корпорация Майкрософт (Microsoft Corporation). Все права защищены.

Building tests file finished
Got .dll tests file
Building image
Image built successfully
Running container
Running finished
solution_container_2654
Untagged: solution_2654:latest
Deleted: sha256:47c38c7c3301d9665e10dbe12009d5791cc6fc8d267d435804734fc9ec50adc2
Result file found in container
