Testing directory created
Microsoft (R) Build Engine версии 16.8.0+126527ff1 для .NET
(C) Корпорация Майкрософт (Microsoft Corporation). Все права защищены.

  Определение проектов для восстановления...
  Восстановлен C:\Users\79175\Desktop\sprint_server\data\solutions\2655\Solution\SampleProject\SampleProject.csproj (за 267 ms).
  SampleProject -> C:\Users\79175\Desktop\sprint_server\data\solutions\2655\Solution\SampleProject\bin\Debug\SampleProject.dll

Сборка успешно завершена.
    Предупреждений: 0
    Ошибок: 0

Прошло времени 00:00:01.47
Building tests file started
Компилятор Microsoft (R) Visual C# версии 3.8.0-5.20567.16 (53c5d7d3)
c Корпорация Майкрософт (Microsoft Corporation). Все права защищены.

Building tests file finished
Got .dll tests file
Building image
Image built successfully
Running container
Running finished
solution_container_2655
Untagged: solution_2655:latest
Deleted: sha256:6f4c0954b1b8531ff20ae08aa279aff80ea8b330e5e606f6b6a11065dcd65e0c
Result file found in container
