Testing directory created
Checking if directory .vs is project
Checking if directory SampleProject is project
Microsoft (R) Build Engine версии 16.8.0+126527ff1 для .NET
(C) Корпорация Майкрософт (Microsoft Corporation). Все права защищены.

  Определение проектов для восстановления...
  Восстановлен C:\Users\79175\Desktop\sprint_server\data\solutions\2657\Solution\SampleProject\SampleProject.csproj (за 71 ms).
  SampleProject -> C:\Users\79175\Desktop\sprint_server\data\solutions\2657\Solution\SampleProject\bin\Debug\SampleProject.dll

Сборка успешно завершена.
    Предупреждений: 0
    Ошибок: 0

Прошло времени 00:00:02.23
Checking if directory SampleSolution.sln is project
Checking if directory test_folder is project
Copying test file to working directory
Test file copied
Building tests file started
Компилятор Microsoft (R) Visual C# версии 3.8.0-5.20567.16 (53c5d7d3)
c Корпорация Майкрософт (Microsoft Corporation). Все права защищены.

Building tests file finished
Got .dll tests file
Building image
Image built successfully
Running container
Running finished
solution_container_2657
Untagged: solution_2657:latest
Deleted: sha256:2c44301e7649ac7a5b8d5fea9e6d85f6b64d7c56f81b8bdb599e0767622c5d62
Result file found in container
