Testing directory created
Checking if SampleProject is project
Microsoft (R) Build Engine версии 16.8.0+126527ff1 для .NET
(C) Корпорация Майкрософт (Microsoft Corporation). Все права защищены.

  Определение проектов для восстановления...
  Восстановлен C:\Users\79175\Desktop\sprint_server\data\solutions\2689\Solution\SampleProject\SampleProject.csproj (за 245 ms).
  SampleProject -> C:\Users\79175\Desktop\sprint_server\data\solutions\2689\Solution\SampleProject\bin\Debug\SampleProject.dll

Сборка успешно завершена.
    Предупреждений: 0
    Ошибок: 0

Прошло времени 00:00:05.37
Checking if SampleSolution.sln is project
Checking if test_folder is project
Copying test file to working directory
Test file copied
Building tests file started
Компилятор Microsoft (R) Visual C# версии 3.8.0-5.20567.16 (53c5d7d3)
c Корпорация Майкрософт (Microsoft Corporation). Все права защищены.

Building tests file finished
Got .dll tests file
Building image
Image built successfully
Running container
Running finished
solution_container_2689
Untagged: solution_2689:latest
Deleted: sha256:4c893ef666a05edf78d36a0eaa8ac7ec6a9d74ae2a42f708339cbbfd7ee95d59
Result file not found in container
