[17:51:50.486 Verbose] - BuildManager - C:\Users\egormatveev\source\Calculator\Tests\UnitTest1.cs(27,13): error CS0246: Не удалось найти тип или имя пространства имен "DObject" (возможно, отсутствует директива using или ссылка на сборку).
[17:51:50.486 Verbose] - BuildManager - C:\Users\egormatveev\source\Calculator\Tests\UnitTest1.cs(27,29): error CS0246: Не удалось найти тип или имя пространства имен "DObject" (возможно, отсутствует директива using или ссылка на сборку).
[17:51:50.491 Verbose] - BuildManager - Некоторые пути к файлам в пути сборки Live Unit Testing, заданные в csproj, отсутствуют. Проверьте, должны ли эти файлы указываться в пути сборки Live Unit Testing, и при необходимости обновите определение csproj, чтобы изменить расположение этих файлов.
[17:51:50.491 Verbose] - BuildManager - Элемент _OutputPathItem "C:\Users\egormatveev\source\Calculator\.vs\Calculator\v16\lut\0\b\Tests\Debug\netcoreapp3.1\" вычисляется с помощью:
_OutputPathItem: '$(OutDir)' @ C:\Program Files (x86)\Microsoft Visual Studio\2019\Enterprise\MSBuild\Current\Bin\Microsoft.Common.CurrentVersion.targets:272
  OutDir: '$(OutputPath)' @ C:\Program Files (x86)\Microsoft Visual Studio\2019\Enterprise\MSBuild\Current\Bin\Microsoft.Common.CurrentVersion.targets:193
    OutputPath: '$(OutputPath)$(TargetFramework.ToLowerInvariant())\' @ C:\Program Files\dotnet\sdk\3.1.201\Sdks\Microsoft.NET.Sdk\targets\Microsoft.NET.TargetFrameworkInference.targets:186
      OutputPath: '$(BaseOutputPath)$(Configuration)\' @ C:\Program Files\dotnet\sdk\3.1.201\Sdks\Microsoft.NET.Sdk\targets\Microsoft.NET.DefaultOutputPaths.targets:33
        BaseOutputPath: 'C:\Users\egormatveev\source\Calculator\.vs\Calculator\v16\lut\0\b\Tests\' @ C:\Users\egormatveev\source\Calculator\Tests\Tests.csproj:0
        Configuration: 'Debug'
[17:51:50.491 Verbose] - BuildManager - Элемент AppConfigFileDestination "C:\Users\egormatveev\source\Calculator\.vs\Calculator\v16\lut\0\b\Tests\Debug\netcoreapp3.1\Tests.dll.config" вычисляется с помощью:
AppConfigFileDestination: '$(OutDir)$(TargetFileName).config' @ C:\Program Files (x86)\Microsoft Visual Studio\2019\Enterprise\MSBuild\Current\Bin\Microsoft.Common.CurrentVersion.targets:303
  OutDir: '$(OutputPath)' @ C:\Program Files (x86)\Microsoft Visual Studio\2019\Enterprise\MSBuild\Current\Bin\Microsoft.Common.CurrentVersion.targets:193
    OutputPath: '$(OutputPath)$(TargetFramework.ToLowerInvariant())\' @ C:\Program Files\dotnet\sdk\3.1.201\Sdks\Microsoft.NET.Sdk\targets\Microsoft.NET.TargetFrameworkInference.targets:186
      OutputPath: '$(BaseOutputPath)$(Configuration)\' @ C:\Program Files\dotnet\sdk\3.1.201\Sdks\Microsoft.NET.Sdk\targets\Microsoft.NET.DefaultOutputPaths.targets:33
        BaseOutputPath: 'C:\Users\egormatveev\source\Calculator\.vs\Calculator\v16\lut\0\b\Tests\' @ C:\Users\egormatveev\source\Calculator\Tests\Tests.csproj:0
        Configuration: 'Debug'
  TargetFileName: '$(TargetName)$(TargetExt)' @ C:\Program Files (x86)\Microsoft Visual Studio\2019\Enterprise\MSBuild\Current\Bin\Microsoft.Common.CurrentVersion.targets:212
    TargetName: '$(AssemblyName)' @ C:\Program Files (x86)\Microsoft Visual Studio\2019\Enterprise\MSBuild\Current\Bin\Microsoft.Common.CurrentVersion.targets:204
      AssemblyName: '$(MSBuildProjectName)' @ C:\Program Files\dotnet\sdk\3.1.201\Sdks\Microsoft.NET.Sdk\targets\Microsoft.NET.Sdk.props:32
        MSBuildProjectName: 'Tests'
    TargetExt: '.dll' @ C:\Program Files\dotnet\sdk\3.1.201\Sdks\Microsoft.NET.Sdk\targets\Microsoft.NET.Sdk.BeforeCommon.targets:82
[17:51:50.491 Verbose] - BuildManager - Элемент _DebugSymbolsOutputPath "C:\Users\egormatveev\source\Calculator\.vs\Calculator\v16\lut\0\b\Tests\Debug\netcoreapp3.1\Tests.pdb" вычисляется с помощью:
_DebugSymbolsOutputPath: '@(_DebugSymbolsIntermediatePath->'$(OutDir)%(Filename)%(Extension)')' @ C:\Program Files (x86)\Microsoft Visual Studio\2019\Enterprise\MSBuild\Current\Bin\Microsoft.Common.CurrentVersion.targets:372
  OutDir: '$(OutputPath)' @ C:\Program Files (x86)\Microsoft Visual Studio\2019\Enterprise\MSBuild\Current\Bin\Microsoft.Common.CurrentVersion.targets:193
    OutputPath: '$(OutputPath)$(TargetFramework.ToLowerInvariant())\' @ C:\Program Files\dotnet\sdk\3.1.201\Sdks\Microsoft.NET.Sdk\targets\Microsoft.NET.TargetFrameworkInference.targets:186
      OutputPath: '$(BaseOutputPath)$(Configuration)\' @ C:\Program Files\dotnet\sdk\3.1.201\Sdks\Microsoft.NET.Sdk\targets\Microsoft.NET.DefaultOutputPaths.targets:33
        BaseOutputPath: 'C:\Users\egormatveev\source\Calculator\.vs\Calculator\v16\lut\0\b\Tests\' @ C:\Users\egormatveev\source\Calculator\Tests\Tests.csproj:0
        Configuration: 'Debug'
[17:51:50.491 Verbose] - BuildManager - Элемент _ApplicationManifestFinal "C:\Users\egormatveev\source\Calculator\.vs\Calculator\v16\lut\0\b\Tests\Debug\netcoreapp3.1\Native.Tests.manifest" вычисляется с помощью:
_ApplicationManifestFinal: '$(OutDir)$(_DeploymentTargetApplicationManifestFileName)' @ C:\Program Files (x86)\Microsoft Visual Studio\2019\Enterprise\MSBuild\Current\Bin\Microsoft.Common.CurrentVersion.targets:410
  OutDir: '$(OutputPath)' @ C:\Program Files (x86)\Microsoft Visual Studio\2019\Enterprise\MSBuild\Current\Bin\Microsoft.Common.CurrentVersion.targets:193
    OutputPath: '$(OutputPath)$(TargetFramework.ToLowerInvariant())\' @ C:\Program Files\dotnet\sdk\3.1.201\Sdks\Microsoft.NET.Sdk\targets\Microsoft.NET.TargetFrameworkInference.targets:186
      OutputPath: '$(BaseOutputPath)$(Configuration)\' @ C:\Program Files\dotnet\sdk\3.1.201\Sdks\Microsoft.NET.Sdk\targets\Microsoft.NET.DefaultOutputPaths.targets:33
        BaseOutputPath: 'C:\Users\egormatveev\source\Calculator\.vs\Calculator\v16\lut\0\b\Tests\' @ C:\Users\egormatveev\source\Calculator\Tests\Tests.csproj:0
        Configuration: 'Debug'
  _DeploymentTargetApplicationManifestFileName: 'Native.$(AssemblyName).manifest' @ C:\Program Files (x86)\Microsoft Visual Studio\2019\Enterprise\MSBuild\Current\Bin\Microsoft.Common.CurrentVersion.targets:228
    AssemblyName: '$(MSBuildProjectName)' @ C:\Program Files\dotnet\sdk\3.1.201\Sdks\Microsoft.NET.Sdk\targets\Microsoft.NET.Sdk.props:32
      MSBuildProjectName: 'Tests'
